
ROM used:   3037/8192 (37%)
            3144/8192 (38%) including unused fragments

            2.3 Average locations per line
            13.6 Average locations per statement

RAM used:   35/368 (10%) at main() level
            74/368 (20%) worst case

Stack used: 8 worst case (7 in main + 1 for interrupts)
Stack size: 8

Lines Stmts  %   Files
----- ----- ---  -----
  192    98  44  main_alarma.c
   10     0   0  main_alarma.h
  661     0   0  C:\Program Files (x86)\PICC\Devices\16F877A.h
   84    48  22  ADXL345.c
   56     0   0  ADXL345.h
  320    77  35  i2c_Flex_LCD.c
----- -----
 1323   223 Total

Page ROM  %  RAM   Vol Diff  Functions:
---- --- --- ---   --- ----  ----------
0     21   1    1             @delay_ms1
0     16   1    1             @I2C_WRITEU_1
0     16   1    1             @I2C_READU_1
 Inline         1   156  2.2  adxl345_id
0     55   2    0   287  1.9  adxl345_config
0    187   6   25  1024  5.3  adxl345_dato_eje
0     37   1    2             @SITOF
0    117   4   13             @MULFF
 Inline         1    63  2.3  lcd_backlight_led
0     74   2    3   574  5.9  i2c_send_nibble
0     30   1    3   149  2.8  lcd_send_byte
0     10   0    0    61  1.9  lcd_clear
0      8   0    0             @const672
 Inline         5   902  5.8  lcd_init
0     55   2    7   681  8.0  lcd_gotoxy
0     37   1    1   310  5.9  LCD_PUTC
0     10   0    0    37  1.3  dato_recibido_isr
1    310  10    1  1351  5.8  MAIN
0     15   0    0             @const701
0     77   3    4             @PSTRINGC7_9600_62_63
0     12   0    0             @const703
0     15   0    0             @const704
0     15   0    0             @const705
0     15   0    0             @const706
0     16   1    0             @const707
0      9   0    0             @const708
0     75   2    4             @PSTRINGC7_683
0      4   0    0             @const710
0     10   0    0             @const711
0      9   0    0             @const712
0     11   0    0             @const713
0     10   0    0             @const714
0     12   0    0             @const715
0     11   0    0             @const716
0      9   0    0             @const717
0     10   0    0             @const718
0    111   4    0   190  1.8  configuracion
1    232   8    0   313  2.7  iniciar_alarma
0     31   1    5             @FTOSD
0     79   3   13             @DIV3232
0    195   6   13             @PRINTF_L32D_683FPFPF
0    199   7   13             @PRINTF_L32D_9600_62_63FPFPF
1    554  18    1  1100  4.4  test_alarma
 Inline         2             @PRINTF_X_683
0     15   0    0             @const737
0      9   0    0             @const738
0     86   3    5             @PSTRINGCN7_9600_62_63
 Inline         2             @PRINTF_X_9600_62_63
0     12   0    0             @const747
0      7   0    0             @const749
0     21   1    3             @DIV88
0     91   3    6             @PRINTF_D_9600_62_63
0     11   0    0     3  0.0  @const756
0      7   0    0             @const758
0     10   0    0             @const759
 Inline         0             @cinit1

Program metrics:
    Functions               16
    Statements              223
    Comments                342
    Volume (V)              11597
    Difficulty (D)          56.4
    Effort to implement (E) 653848
    Time to implement (T)   10 hours, 5 minutes
    Est Delivered Bugs (B)  3
    Cyclomatic Complexity   27
    Maintainability (MI)    132

 Segment     Used  Free
-----------  ----  ----
00000-00003     4  0  
00004-00030    45  0  
00031-007FF  1892  107  
00800-00FFF  1096  952  
01000-017FF     0  2048  
01800-01FFF     0  2048  



